{"C:\\Users\\arneto\\OneDrive - Padtec\\Área de Trabalho\\workspace\\curso-node-alura\\index.js": {"path":"C:\\Users\\arneto\\OneDrive - Padtec\\Área de Trabalho\\workspace\\curso-node-alura\\index.js","statementMap":{"0":{"start":{"line":1,"column":24},"end":{"line":9,"column":1}},"1":{"start":{"line":3,"column":4},"end":{"line":7,"column":5}},"2":{"start":{"line":4,"column":8},"end":{"line":4,"column":42}},"3":{"start":{"line":6,"column":8},"end":{"line":6,"column":17}},"4":{"start":{"line":11,"column":25},"end":{"line":11,"column":68}},"5":{"start":{"line":11,"column":49},"end":{"line":11,"column":68}}},"fnMap":{"0":{"name":"(anonymous_0)","decl":{"start":{"line":1,"column":24},"end":{"line":1,"column":25}},"loc":{"start":{"line":1,"column":55},"end":{"line":9,"column":1}},"line":1},"1":{"name":"(anonymous_1)","decl":{"start":{"line":11,"column":25},"end":{"line":11,"column":26}},"loc":{"start":{"line":11,"column":49},"end":{"line":11,"column":68}},"line":11}},"branchMap":{"0":{"loc":{"start":{"line":3,"column":4},"end":{"line":7,"column":5}},"type":"if","locations":[{"start":{"line":3,"column":4},"end":{"line":7,"column":5}},{"start":{"line":5,"column":9},"end":{"line":7,"column":5}}],"line":3},"1":{"loc":{"start":{"line":3,"column":7},"end":{"line":3,"column":39}},"type":"binary-expr","locations":[{"start":{"line":3,"column":7},"end":{"line":3,"column":14}},{"start":{"line":3,"column":18},"end":{"line":3,"column":39}}],"line":3}},"s":{"0":1,"1":2,"2":1,"3":1,"4":1,"5":1},"f":{"0":2,"1":1},"b":{"0":[1,1],"1":[2,2]},"_coverageSchema":"1a1c01bbd47fc00a2c39e90264f33305004495a9","hash":"1530a68d665c75d5ee3dc5cfaaa805b387e18478"}
}
